[debug] [2018-04-29T17:57:42.965Z] ----------------------------------------------------------------------
[debug] [2018-04-29T17:57:42.966Z] Command:       /usr/local/bin/node /usr/local/bin/firebase deploy --only functions
[debug] [2018-04-29T17:57:42.967Z] CLI Version:   3.18.4
[debug] [2018-04-29T17:57:42.967Z] Platform:      darwin
[debug] [2018-04-29T17:57:42.967Z] Node Version:  v9.3.0
[debug] [2018-04-29T17:57:42.967Z] Time:          Sun Apr 29 2018 23:27:42 GMT+0530 (IST)
[debug] [2018-04-29T17:57:42.967Z] ----------------------------------------------------------------------
[debug] 
[debug] [2018-04-29T17:57:42.978Z] > command requires scopes: ["email","openid","https://www.googleapis.com/auth/cloudplatformprojects.readonly","https://www.googleapis.com/auth/firebase","https://www.googleapis.com/auth/cloud-platform"]
[debug] [2018-04-29T17:57:42.978Z] > authorizing via signed-in user
[debug] [2018-04-29T17:57:42.980Z] >>> HTTP REQUEST GET https://admin.firebase.com/v1/projects/buggypro-6d628  
  
 Sun Apr 29 2018 23:27:42 GMT+0530 (IST)
[debug] [2018-04-29T17:57:44.526Z] <<< HTTP RESPONSE 200
[debug] [2018-04-29T17:57:44.526Z] >>> HTTP REQUEST GET https://admin.firebase.com/v1/database/buggypro-6d628/tokens  
  
 Sun Apr 29 2018 23:27:44 GMT+0530 (IST)
[debug] [2018-04-29T17:57:45.564Z] <<< HTTP RESPONSE 200
[info] 
[info] === Deploying to 'buggypro-6d628'...
[info] 
[info] i  deploying functions
[info] ✔  functions: Finished running predeploy script.
[debug] [2018-04-29T17:57:49.803Z] > [functions] package.json contents: {
  "name": "functions",
  "description": "Cloud Functions for Firebase",
  "scripts": {
    "lint": "eslint .",
    "serve": "firebase serve --only functions",
    "shell": "firebase functions:shell",
    "start": "npm run shell",
    "deploy": "firebase deploy --only functions",
    "logs": "firebase functions:log"
  },
  "dependencies": {
    "firebase-admin": "~5.12.0",
    "firebase-functions": "^1.0.1"
  },
  "devDependencies": {
    "eslint": "^4.12.0",
    "eslint-plugin-promise": "^3.6.0"
  },
  "private": true
}
[info] i  functions: ensuring necessary APIs are enabled...
[debug] [2018-04-29T17:57:49.804Z] >>> HTTP REQUEST GET https://servicemanagement.googleapis.com/v1/services/cloudfunctions.googleapis.com/projectSettings/buggypro-6d628?view=CONSUMER_VIEW  
  
 Sun Apr 29 2018 23:27:49 GMT+0530 (IST)
[debug] [2018-04-29T17:57:49.804Z] >>> HTTP REQUEST GET https://servicemanagement.googleapis.com/v1/services/runtimeconfig.googleapis.com/projectSettings/buggypro-6d628?view=CONSUMER_VIEW  
  
 Sun Apr 29 2018 23:27:49 GMT+0530 (IST)
[debug] [2018-04-29T17:57:51.732Z] <<< HTTP RESPONSE 200
[debug] [2018-04-29T17:57:51.788Z] <<< HTTP RESPONSE 200
[info] ✔  functions: all necessary APIs are enabled
[debug] [2018-04-29T17:57:51.789Z] >>> HTTP REQUEST GET https://cloudresourcemanager.googleapis.com/v1/projects/buggypro-6d628  
  
 Sun Apr 29 2018 23:27:51 GMT+0530 (IST)
[debug] [2018-04-29T17:57:53.255Z] <<< HTTP RESPONSE 200
[debug] [2018-04-29T17:57:53.256Z] >>> HTTP REQUEST GET https://mobilesdk-pa.googleapis.com/v1/projects/840804924490:getServerAppConfig  
  
 Sun Apr 29 2018 23:27:53 GMT+0530 (IST)
[debug] [2018-04-29T17:57:53.824Z] <<< HTTP RESPONSE 200
[info] i  functions: preparing functions directory for uploading...
[debug] [2018-04-29T17:57:53.826Z] >>> HTTP REQUEST GET https://runtimeconfig.googleapis.com/v1beta1/projects/buggypro-6d628/configs  
  
 Sun Apr 29 2018 23:27:53 GMT+0530 (IST)
[debug] [2018-04-29T17:57:54.380Z] <<< HTTP RESPONSE 200
[info] i  functions: packaged functions (51.43 KB) for uploading
[debug] [2018-04-29T17:57:54.639Z] >>> HTTP REQUEST POST https://cloudfunctions.googleapis.com/v1/projects/buggypro-6d628/locations/us-central1/functions:generateUploadUrl  
  
 Sun Apr 29 2018 23:27:54 GMT+0530 (IST)
[debug] [2018-04-29T17:57:55.405Z] <<< HTTP RESPONSE 200
[debug] [2018-04-29T17:57:55.405Z] >>> HTTP REQUEST PUT https://storage.googleapis.com/gcf-upload-us-central1-bb9e16a4-11bb-4e03-8f3c-4b7085cc68c2/ba518d3f-60ae-4fcf-abda-23a128472a23.zip?GoogleAccessId=840804924490@cloudservices.gserviceaccount.com&Expires=1525026475&Signature=g7V3gQpphpFfMJpVZc7BvdOekPSIrYCJfHyZQ4GohK50uwUB7AfknQigM9l47pf9a2G7Lalhyi1SRW4uHaFhHYChCUwRryVKV09Q2eLAm%2BDKZV7DrowZcMIRnSZ0hI7DYRJldHS0m2m0hIVGeoelakDNdpRneR70kTiFswVYaZcYyfbhyz0sZqd61uLSP1iVzu%2FpEDijzApKreufZJOpb1OpdiuEd8jrlKZUkzKFq%2Fkaj3RutH9x0XxfYkZ1SCjocKpbKbet7MJdnTqmAoy0CaWaAanwnFB1PGX%2Bg0aXRh6505wFbmtq5FtIhkFd7LimgDiH23XjJkyVqLxpkg2Y4g%3D%3D  
 ReadStream {
  _readableState: 
   ReadableState {
     objectMode: false,
     highWaterMark: 65536,
     buffer: BufferList { head: [Object], tail: [Object], length: 1 },
     length: 52668,
     pipes: null,
     pipesCount: 0,
     flowing: null,
     ended: true,
     endEmitted: false,
     reading: false,
     sync: false,
     needReadable: false,
     emittedReadable: true,
     readableListening: false,
     resumeScheduled: false,
     destroyed: false,
     defaultEncoding: 'utf8',
     awaitDrain: 0,
     readingMore: false,
     decoder: null,
     encoding: null },
  readable: true,
  domain: null,
  _events: { end: [Function] },
  _eventsCount: 1,
  _maxListeners: undefined,
  path: '/var/folders/h8/v01bxb1n2595s4y_d5267g4r13c05g/T/firebase-functions-199378mue8P6u9iPb.zip',
  fd: 19,
  flags: 'r',
  mode: 438,
  start: undefined,
  end: undefined,
  autoClose: true,
  pos: undefined,
  bytesRead: 52668 } 
 Sun Apr 29 2018 23:27:55 GMT+0530 (IST)
[debug] [2018-04-29T17:57:56.940Z] <<< HTTP RESPONSE 200
[info] ✔  functions: functions folder uploaded successfully
[debug] [2018-04-29T17:57:56.942Z] >>> HTTP REQUEST GET https://cloudfunctions.googleapis.com/v1/projects/buggypro-6d628/locations/us-central1/functions  
  
 Sun Apr 29 2018 23:27:56 GMT+0530 (IST)
[debug] [2018-04-29T17:57:57.659Z] <<< HTTP RESPONSE 200
[info] i  functions: updating function helloWorld...
[debug] [2018-04-29T17:57:57.662Z] Trigger is:  {"httpsTrigger":{}}
[info] i  functions: updating function resetDBForUser...
[debug] [2018-04-29T17:57:57.663Z] Trigger is:  {"httpsTrigger":{}}
[info] i  functions: updating function makeUpperCase...
[debug] [2018-04-29T17:57:57.663Z] Trigger is:  {"eventTrigger":{"resource":"projects/_/instances/buggypro-6d628/refs/users/{pushId}/text","eventType":"providers/google.firebase.database/eventTypes/ref.create","service":"firebaseio.com"}}
[info] i  functions: updating function resetUserDatabase...
[debug] [2018-04-29T17:57:57.663Z] Trigger is:  {"httpsTrigger":{}}
[info] i  functions: updating function testReset...
[debug] [2018-04-29T17:57:57.663Z] Trigger is:  {"httpsTrigger":{}}
[debug] [2018-04-29T17:57:57.665Z] >>> HTTP REQUEST PATCH https://cloudfunctions.googleapis.com/v1/projects/buggypro-6d628/locations/us-central1/functions/helloWorld 
query params: {"updateMask":"sourceUploadUrl,name,labels,httpsTrigger"} 
 { sourceUploadUrl: 'https://storage.googleapis.com/gcf-upload-us-central1-bb9e16a4-11bb-4e03-8f3c-4b7085cc68c2/ba518d3f-60ae-4fcf-abda-23a128472a23.zip?GoogleAccessId=840804924490@cloudservices.gserviceaccount.com&Expires=1525026475&Signature=g7V3gQpphpFfMJpVZc7BvdOekPSIrYCJfHyZQ4GohK50uwUB7AfknQigM9l47pf9a2G7Lalhyi1SRW4uHaFhHYChCUwRryVKV09Q2eLAm%2BDKZV7DrowZcMIRnSZ0hI7DYRJldHS0m2m0hIVGeoelakDNdpRneR70kTiFswVYaZcYyfbhyz0sZqd61uLSP1iVzu%2FpEDijzApKreufZJOpb1OpdiuEd8jrlKZUkzKFq%2Fkaj3RutH9x0XxfYkZ1SCjocKpbKbet7MJdnTqmAoy0CaWaAanwnFB1PGX%2Bg0aXRh6505wFbmtq5FtIhkFd7LimgDiH23XjJkyVqLxpkg2Y4g%3D%3D',
  name: 'projects/buggypro-6d628/locations/us-central1/functions/helloWorld',
  labels: { 'deployment-tool': 'cli-firebase' },
  httpsTrigger: {} } 
 Sun Apr 29 2018 23:27:57 GMT+0530 (IST)
[debug] [2018-04-29T17:57:57.666Z] >>> HTTP REQUEST PATCH https://cloudfunctions.googleapis.com/v1/projects/buggypro-6d628/locations/us-central1/functions/resetDBForUser 
query params: {"updateMask":"sourceUploadUrl,name,labels,httpsTrigger"} 
 { sourceUploadUrl: 'https://storage.googleapis.com/gcf-upload-us-central1-bb9e16a4-11bb-4e03-8f3c-4b7085cc68c2/ba518d3f-60ae-4fcf-abda-23a128472a23.zip?GoogleAccessId=840804924490@cloudservices.gserviceaccount.com&Expires=1525026475&Signature=g7V3gQpphpFfMJpVZc7BvdOekPSIrYCJfHyZQ4GohK50uwUB7AfknQigM9l47pf9a2G7Lalhyi1SRW4uHaFhHYChCUwRryVKV09Q2eLAm%2BDKZV7DrowZcMIRnSZ0hI7DYRJldHS0m2m0hIVGeoelakDNdpRneR70kTiFswVYaZcYyfbhyz0sZqd61uLSP1iVzu%2FpEDijzApKreufZJOpb1OpdiuEd8jrlKZUkzKFq%2Fkaj3RutH9x0XxfYkZ1SCjocKpbKbet7MJdnTqmAoy0CaWaAanwnFB1PGX%2Bg0aXRh6505wFbmtq5FtIhkFd7LimgDiH23XjJkyVqLxpkg2Y4g%3D%3D',
  name: 'projects/buggypro-6d628/locations/us-central1/functions/resetDBForUser',
  labels: { 'deployment-tool': 'cli-firebase' },
  httpsTrigger: {} } 
 Sun Apr 29 2018 23:27:57 GMT+0530 (IST)
[debug] [2018-04-29T17:57:57.667Z] >>> HTTP REQUEST PATCH https://cloudfunctions.googleapis.com/v1/projects/buggypro-6d628/locations/us-central1/functions/makeUpperCase 
query params: {"updateMask":"sourceUploadUrl,name,labels,eventTrigger.resource,eventTrigger.eventType,eventTrigger.service"} 
 { sourceUploadUrl: 'https://storage.googleapis.com/gcf-upload-us-central1-bb9e16a4-11bb-4e03-8f3c-4b7085cc68c2/ba518d3f-60ae-4fcf-abda-23a128472a23.zip?GoogleAccessId=840804924490@cloudservices.gserviceaccount.com&Expires=1525026475&Signature=g7V3gQpphpFfMJpVZc7BvdOekPSIrYCJfHyZQ4GohK50uwUB7AfknQigM9l47pf9a2G7Lalhyi1SRW4uHaFhHYChCUwRryVKV09Q2eLAm%2BDKZV7DrowZcMIRnSZ0hI7DYRJldHS0m2m0hIVGeoelakDNdpRneR70kTiFswVYaZcYyfbhyz0sZqd61uLSP1iVzu%2FpEDijzApKreufZJOpb1OpdiuEd8jrlKZUkzKFq%2Fkaj3RutH9x0XxfYkZ1SCjocKpbKbet7MJdnTqmAoy0CaWaAanwnFB1PGX%2Bg0aXRh6505wFbmtq5FtIhkFd7LimgDiH23XjJkyVqLxpkg2Y4g%3D%3D',
  name: 'projects/buggypro-6d628/locations/us-central1/functions/makeUpperCase',
  labels: { 'deployment-tool': 'cli-firebase' },
  eventTrigger: 
   { resource: 'projects/_/instances/buggypro-6d628/refs/users/{pushId}/text',
     eventType: 'providers/google.firebase.database/eventTypes/ref.create',
     service: 'firebaseio.com' } } 
 Sun Apr 29 2018 23:27:57 GMT+0530 (IST)
[debug] [2018-04-29T17:57:57.667Z] >>> HTTP REQUEST PATCH https://cloudfunctions.googleapis.com/v1/projects/buggypro-6d628/locations/us-central1/functions/resetUserDatabase 
query params: {"updateMask":"sourceUploadUrl,name,labels,httpsTrigger"} 
 { sourceUploadUrl: 'https://storage.googleapis.com/gcf-upload-us-central1-bb9e16a4-11bb-4e03-8f3c-4b7085cc68c2/ba518d3f-60ae-4fcf-abda-23a128472a23.zip?GoogleAccessId=840804924490@cloudservices.gserviceaccount.com&Expires=1525026475&Signature=g7V3gQpphpFfMJpVZc7BvdOekPSIrYCJfHyZQ4GohK50uwUB7AfknQigM9l47pf9a2G7Lalhyi1SRW4uHaFhHYChCUwRryVKV09Q2eLAm%2BDKZV7DrowZcMIRnSZ0hI7DYRJldHS0m2m0hIVGeoelakDNdpRneR70kTiFswVYaZcYyfbhyz0sZqd61uLSP1iVzu%2FpEDijzApKreufZJOpb1OpdiuEd8jrlKZUkzKFq%2Fkaj3RutH9x0XxfYkZ1SCjocKpbKbet7MJdnTqmAoy0CaWaAanwnFB1PGX%2Bg0aXRh6505wFbmtq5FtIhkFd7LimgDiH23XjJkyVqLxpkg2Y4g%3D%3D',
  name: 'projects/buggypro-6d628/locations/us-central1/functions/resetUserDatabase',
  labels: { 'deployment-tool': 'cli-firebase' },
  httpsTrigger: {} } 
 Sun Apr 29 2018 23:27:57 GMT+0530 (IST)
[debug] [2018-04-29T17:57:57.668Z] >>> HTTP REQUEST PATCH https://cloudfunctions.googleapis.com/v1/projects/buggypro-6d628/locations/us-central1/functions/testReset 
query params: {"updateMask":"sourceUploadUrl,name,labels,httpsTrigger"} 
 { sourceUploadUrl: 'https://storage.googleapis.com/gcf-upload-us-central1-bb9e16a4-11bb-4e03-8f3c-4b7085cc68c2/ba518d3f-60ae-4fcf-abda-23a128472a23.zip?GoogleAccessId=840804924490@cloudservices.gserviceaccount.com&Expires=1525026475&Signature=g7V3gQpphpFfMJpVZc7BvdOekPSIrYCJfHyZQ4GohK50uwUB7AfknQigM9l47pf9a2G7Lalhyi1SRW4uHaFhHYChCUwRryVKV09Q2eLAm%2BDKZV7DrowZcMIRnSZ0hI7DYRJldHS0m2m0hIVGeoelakDNdpRneR70kTiFswVYaZcYyfbhyz0sZqd61uLSP1iVzu%2FpEDijzApKreufZJOpb1OpdiuEd8jrlKZUkzKFq%2Fkaj3RutH9x0XxfYkZ1SCjocKpbKbet7MJdnTqmAoy0CaWaAanwnFB1PGX%2Bg0aXRh6505wFbmtq5FtIhkFd7LimgDiH23XjJkyVqLxpkg2Y4g%3D%3D',
  name: 'projects/buggypro-6d628/locations/us-central1/functions/testReset',
  labels: { 'deployment-tool': 'cli-firebase' },
  httpsTrigger: {} } 
 Sun Apr 29 2018 23:27:57 GMT+0530 (IST)
[debug] [2018-04-29T17:57:58.368Z] <<< HTTP RESPONSE 200
[debug] [2018-04-29T17:57:58.374Z] <<< HTTP RESPONSE 200
[debug] [2018-04-29T17:57:58.553Z] <<< HTTP RESPONSE 200
[debug] [2018-04-29T17:57:58.554Z] <<< HTTP RESPONSE 200
[debug] [2018-04-29T17:57:58.711Z] <<< HTTP RESPONSE 200
[debug] [2018-04-29T17:57:58.712Z] >>> HTTP REQUEST GET https://cloudfunctions.googleapis.com/v1/projects/buggypro-6d628/locations/us-central1/functions  
  
 Sun Apr 29 2018 23:27:58 GMT+0530 (IST)
[debug] [2018-04-29T17:57:59.501Z] <<< HTTP RESPONSE 200
[debug] [2018-04-29T17:57:59.504Z] >>> HTTP REQUEST GET https://cloudfunctions.googleapis.com/v1/operations/YnVnZ3lwcm8tNmQ2MjgvdXMtY2VudHJhbDEvaGVsbG9Xb3JsZC9OUEZlajhpVGNldw  
  
 Sun Apr 29 2018 23:27:59 GMT+0530 (IST)
[debug] [2018-04-29T17:57:59.505Z] >>> HTTP REQUEST GET https://cloudfunctions.googleapis.com/v1/operations/YnVnZ3lwcm8tNmQ2MjgvdXMtY2VudHJhbDEvcmVzZXREQkZvclVzZXIvTHJXM2dUdFhZNnc  
  
 Sun Apr 29 2018 23:27:59 GMT+0530 (IST)
[debug] [2018-04-29T17:57:59.505Z] >>> HTTP REQUEST GET https://cloudfunctions.googleapis.com/v1/operations/YnVnZ3lwcm8tNmQ2MjgvdXMtY2VudHJhbDEvbWFrZVVwcGVyQ2FzZS9vbnRsREdWVllQMA  
  
 Sun Apr 29 2018 23:27:59 GMT+0530 (IST)
[debug] [2018-04-29T17:57:59.508Z] >>> HTTP REQUEST GET https://cloudfunctions.googleapis.com/v1/operations/YnVnZ3lwcm8tNmQ2MjgvdXMtY2VudHJhbDEvcmVzZXRVc2VyRGF0YWJhc2UvYllNaTduWXFTRjg  
  
 Sun Apr 29 2018 23:27:59 GMT+0530 (IST)
[debug] [2018-04-29T17:57:59.508Z] >>> HTTP REQUEST GET https://cloudfunctions.googleapis.com/v1/operations/YnVnZ3lwcm8tNmQ2MjgvdXMtY2VudHJhbDEvdGVzdFJlc2V0L0ZhckhCRlF2NnJN  
  
 Sun Apr 29 2018 23:27:59 GMT+0530 (IST)
[debug] [2018-04-29T17:57:59.913Z] <<< HTTP RESPONSE 200
[debug] [2018-04-29T17:58:00.158Z] <<< HTTP RESPONSE 200
[debug] [2018-04-29T17:58:00.158Z] <<< HTTP RESPONSE 200
[debug] [2018-04-29T17:58:00.160Z] <<< HTTP RESPONSE 200
[debug] [2018-04-29T17:58:00.170Z] <<< HTTP RESPONSE 200
[debug] [2018-04-29T17:58:01.914Z] >>> HTTP REQUEST GET https://cloudfunctions.googleapis.com/v1/operations/YnVnZ3lwcm8tNmQ2MjgvdXMtY2VudHJhbDEvdGVzdFJlc2V0L0ZhckhCRlF2NnJN  
  
 Sun Apr 29 2018 23:28:01 GMT+0530 (IST)
[debug] [2018-04-29T17:58:02.160Z] >>> HTTP REQUEST GET https://cloudfunctions.googleapis.com/v1/operations/YnVnZ3lwcm8tNmQ2MjgvdXMtY2VudHJhbDEvcmVzZXREQkZvclVzZXIvTHJXM2dUdFhZNnc  
  
 Sun Apr 29 2018 23:28:02 GMT+0530 (IST)
[debug] [2018-04-29T17:58:02.160Z] >>> HTTP REQUEST GET https://cloudfunctions.googleapis.com/v1/operations/YnVnZ3lwcm8tNmQ2MjgvdXMtY2VudHJhbDEvbWFrZVVwcGVyQ2FzZS9vbnRsREdWVllQMA  
  
 Sun Apr 29 2018 23:28:02 GMT+0530 (IST)
[debug] [2018-04-29T17:58:02.161Z] >>> HTTP REQUEST GET https://cloudfunctions.googleapis.com/v1/operations/YnVnZ3lwcm8tNmQ2MjgvdXMtY2VudHJhbDEvaGVsbG9Xb3JsZC9OUEZlajhpVGNldw  
  
 Sun Apr 29 2018 23:28:02 GMT+0530 (IST)
[debug] [2018-04-29T17:58:02.172Z] >>> HTTP REQUEST GET https://cloudfunctions.googleapis.com/v1/operations/YnVnZ3lwcm8tNmQ2MjgvdXMtY2VudHJhbDEvcmVzZXRVc2VyRGF0YWJhc2UvYllNaTduWXFTRjg  
  
 Sun Apr 29 2018 23:28:02 GMT+0530 (IST)
[debug] [2018-04-29T17:58:02.539Z] <<< HTTP RESPONSE 200
[debug] [2018-04-29T17:58:02.880Z] <<< HTTP RESPONSE 200
[debug] [2018-04-29T17:58:02.881Z] <<< HTTP RESPONSE 200
[debug] [2018-04-29T17:58:02.882Z] <<< HTTP RESPONSE 200
[debug] [2018-04-29T17:58:02.882Z] <<< HTTP RESPONSE 200
[debug] [2018-04-29T17:58:04.542Z] >>> HTTP REQUEST GET https://cloudfunctions.googleapis.com/v1/operations/YnVnZ3lwcm8tNmQ2MjgvdXMtY2VudHJhbDEvdGVzdFJlc2V0L0ZhckhCRlF2NnJN  
  
 Sun Apr 29 2018 23:28:04 GMT+0530 (IST)
[debug] [2018-04-29T17:58:04.881Z] >>> HTTP REQUEST GET https://cloudfunctions.googleapis.com/v1/operations/YnVnZ3lwcm8tNmQ2MjgvdXMtY2VudHJhbDEvaGVsbG9Xb3JsZC9OUEZlajhpVGNldw  
  
 Sun Apr 29 2018 23:28:04 GMT+0530 (IST)
[debug] [2018-04-29T17:58:04.882Z] >>> HTTP REQUEST GET https://cloudfunctions.googleapis.com/v1/operations/YnVnZ3lwcm8tNmQ2MjgvdXMtY2VudHJhbDEvcmVzZXREQkZvclVzZXIvTHJXM2dUdFhZNnc  
  
 Sun Apr 29 2018 23:28:04 GMT+0530 (IST)
[debug] [2018-04-29T17:58:04.883Z] >>> HTTP REQUEST GET https://cloudfunctions.googleapis.com/v1/operations/YnVnZ3lwcm8tNmQ2MjgvdXMtY2VudHJhbDEvbWFrZVVwcGVyQ2FzZS9vbnRsREdWVllQMA  
  
 Sun Apr 29 2018 23:28:04 GMT+0530 (IST)
[debug] [2018-04-29T17:58:04.885Z] >>> HTTP REQUEST GET https://cloudfunctions.googleapis.com/v1/operations/YnVnZ3lwcm8tNmQ2MjgvdXMtY2VudHJhbDEvcmVzZXRVc2VyRGF0YWJhc2UvYllNaTduWXFTRjg  
  
 Sun Apr 29 2018 23:28:04 GMT+0530 (IST)
[debug] [2018-04-29T17:58:05.163Z] <<< HTTP RESPONSE 200
[debug] [2018-04-29T17:58:05.498Z] <<< HTTP RESPONSE 200
[debug] [2018-04-29T17:58:05.511Z] <<< HTTP RESPONSE 200
[debug] [2018-04-29T17:58:05.513Z] <<< HTTP RESPONSE 200
[debug] [2018-04-29T17:58:05.513Z] <<< HTTP RESPONSE 200
[debug] [2018-04-29T17:58:07.169Z] >>> HTTP REQUEST GET https://cloudfunctions.googleapis.com/v1/operations/YnVnZ3lwcm8tNmQ2MjgvdXMtY2VudHJhbDEvdGVzdFJlc2V0L0ZhckhCRlF2NnJN  
  
 Sun Apr 29 2018 23:28:07 GMT+0530 (IST)
[debug] [2018-04-29T17:58:07.503Z] >>> HTTP REQUEST GET https://cloudfunctions.googleapis.com/v1/operations/YnVnZ3lwcm8tNmQ2MjgvdXMtY2VudHJhbDEvcmVzZXRVc2VyRGF0YWJhc2UvYllNaTduWXFTRjg  
  
 Sun Apr 29 2018 23:28:07 GMT+0530 (IST)
[debug] [2018-04-29T17:58:07.513Z] >>> HTTP REQUEST GET https://cloudfunctions.googleapis.com/v1/operations/YnVnZ3lwcm8tNmQ2MjgvdXMtY2VudHJhbDEvaGVsbG9Xb3JsZC9OUEZlajhpVGNldw  
  
 Sun Apr 29 2018 23:28:07 GMT+0530 (IST)
[debug] [2018-04-29T17:58:07.514Z] >>> HTTP REQUEST GET https://cloudfunctions.googleapis.com/v1/operations/YnVnZ3lwcm8tNmQ2MjgvdXMtY2VudHJhbDEvcmVzZXREQkZvclVzZXIvTHJXM2dUdFhZNnc  
  
 Sun Apr 29 2018 23:28:07 GMT+0530 (IST)
[debug] [2018-04-29T17:58:07.514Z] >>> HTTP REQUEST GET https://cloudfunctions.googleapis.com/v1/operations/YnVnZ3lwcm8tNmQ2MjgvdXMtY2VudHJhbDEvbWFrZVVwcGVyQ2FzZS9vbnRsREdWVllQMA  
  
 Sun Apr 29 2018 23:28:07 GMT+0530 (IST)
[debug] [2018-04-29T17:58:07.809Z] <<< HTTP RESPONSE 200
[debug] [2018-04-29T17:58:08.206Z] <<< HTTP RESPONSE 200
[debug] [2018-04-29T17:58:08.208Z] <<< HTTP RESPONSE 200
[debug] [2018-04-29T17:58:08.210Z] <<< HTTP RESPONSE 200
[debug] [2018-04-29T17:58:08.212Z] <<< HTTP RESPONSE 200
